<?xml version="1.0" encoding="UTF-8"?>
<robot generator="Robot 5.0.1 (Python 3.10.6 on win32)" generated="20221104 11:33:52.294" rpa="false" schemaversion="3">
<suite id="s1" name="React-Website" source="C:\Users\mikko\Documents\website\react-website">
<suite id="s1-s1" name="Test Automation" source="C:\Users\mikko\Documents\website\react-website\test automation">
<suite id="s1-s1-s1" name="Test cases" source="C:\Users\mikko\Documents\website\react-website\test automation\Test cases">
<suite id="s1-s1-s1-s1" name="TC1" source="C:\Users\mikko\Documents\website\react-website\test automation\Test cases\TC1.robot">
<test id="s1-s1-s1-s1-t1" name="Check navigation" line="11">
<kw name="Opening my browser" library="resources" type="SETUP">
<kw name="Open Browser" library="QWeb">
<arg>${URL}</arg>
<arg>${BROWSER}</arg>
<tag>Browser</tag>
<tag>Interaction</tag>
<doc>Open new browser to given url.</doc>
<msg timestamp="20221104 11:33:53.455" level="INFO">
QWeb version number: 2.0.3</msg>
<msg timestamp="20221104 11:33:54.464" level="INFO">Browser: chrome</msg>
<msg timestamp="20221104 11:33:54.465" level="INFO">Browser version: 106.0.5249.121</msg>
<msg timestamp="20221104 11:33:54.466" level="INFO">Chromedriver version: 106.0.5249.61 (511755355844955cd3e264779baf0dd38212a4d0-refs/branch-heads/5249@{#569})</msg>
<status status="PASS" starttime="20221104 11:33:53.454" endtime="20221104 11:33:55.099"/>
</kw>
<kw name="Maximize Window" library="QWeb">
<tag>Browser</tag>
<tag>Interaction</tag>
<tag>Window</tag>
<doc>Maximizes current browser window.</doc>
<status status="PASS" starttime="20221104 11:33:55.099" endtime="20221104 11:33:55.109"/>
</kw>
<status status="PASS" starttime="20221104 11:33:53.454" endtime="20221104 11:33:55.109"/>
</kw>
<kw name="Verify navigation texts" library="resources">
<kw name="Verify Text" library="QWeb">
<arg>Home</arg>
<tag>Text</tag>
<tag>Verification</tag>
<doc>Verify page contains given text.</doc>
<status status="PASS" starttime="20221104 11:33:55.110" endtime="20221104 11:33:55.164"/>
</kw>
<kw name="Verify Text" library="QWeb">
<arg>Services</arg>
<tag>Text</tag>
<tag>Verification</tag>
<doc>Verify page contains given text.</doc>
<status status="PASS" starttime="20221104 11:33:55.165" endtime="20221104 11:33:55.209"/>
</kw>
<kw name="Verify Text" library="QWeb">
<arg>Products</arg>
<tag>Text</tag>
<tag>Verification</tag>
<doc>Verify page contains given text.</doc>
<status status="PASS" starttime="20221104 11:33:55.209" endtime="20221104 11:33:55.256"/>
</kw>
<kw name="Verify Text" library="QWeb">
<arg>SIGN UP</arg>
<tag>Text</tag>
<tag>Verification</tag>
<doc>Verify page contains given text.</doc>
<status status="PASS" starttime="20221104 11:33:55.257" endtime="20221104 11:33:55.298"/>
</kw>
<status status="PASS" starttime="20221104 11:33:55.110" endtime="20221104 11:33:55.298"/>
</kw>
<kw name="Verify navigation links" library="resources">
<kw name="Click Text" library="QWeb">
<arg>Services</arg>
<tag>Interaction</tag>
<tag>Text</tag>
<doc>Click text on web page.</doc>
<status status="PASS" starttime="20221104 11:33:55.299" endtime="20221104 11:33:55.354"/>
</kw>
<kw name="Verify Url" library="QWeb">
<arg>http://localhost:3000/services</arg>
<tag>Browser</tag>
<tag>Verification</tag>
<doc>Verifies that current page url/location matches expected url.</doc>
<status status="PASS" starttime="20221104 11:33:55.354" endtime="20221104 11:33:55.369"/>
</kw>
<kw name="Click Text" library="QWeb">
<arg>Products</arg>
<tag>Interaction</tag>
<tag>Text</tag>
<doc>Click text on web page.</doc>
<status status="PASS" starttime="20221104 11:33:55.370" endtime="20221104 11:33:55.607"/>
</kw>
<kw name="Verify Url" library="QWeb">
<arg>http://localhost:3000/products</arg>
<tag>Browser</tag>
<tag>Verification</tag>
<doc>Verifies that current page url/location matches expected url.</doc>
<status status="PASS" starttime="20221104 11:33:55.607" endtime="20221104 11:33:55.618"/>
</kw>
<kw name="Click Text" library="QWeb">
<arg>SIGN UP</arg>
<tag>Interaction</tag>
<tag>Text</tag>
<doc>Click text on web page.</doc>
<status status="PASS" starttime="20221104 11:33:55.618" endtime="20221104 11:33:55.802"/>
</kw>
<kw name="Verify Url" library="QWeb">
<arg>http://localhost:3000/sign-up</arg>
<tag>Browser</tag>
<tag>Verification</tag>
<doc>Verifies that current page url/location matches expected url.</doc>
<status status="PASS" starttime="20221104 11:33:55.803" endtime="20221104 11:33:55.829"/>
</kw>
<kw name="Click Text" library="QWeb">
<arg>Home</arg>
<tag>Interaction</tag>
<tag>Text</tag>
<doc>Click text on web page.</doc>
<status status="PASS" starttime="20221104 11:33:55.829" endtime="20221104 11:33:55.880"/>
</kw>
<kw name="Verify Url" library="QWeb">
<arg>http://localhost:3000/</arg>
<tag>Browser</tag>
<tag>Verification</tag>
<doc>Verifies that current page url/location matches expected url.</doc>
<status status="PASS" starttime="20221104 11:33:55.880" endtime="20221104 11:33:55.895"/>
</kw>
<status status="PASS" starttime="20221104 11:33:55.299" endtime="20221104 11:33:55.895"/>
</kw>
<kw name="Closing my browsers" library="resources" type="TEARDOWN">
<kw name="Close All Browsers" library="QWeb">
<tag>Browser</tag>
<tag>Interaction</tag>
<doc>Close all opened browsers.</doc>
<msg timestamp="20221104 11:33:58.025" level="INFO">${BROWSER_REUSE} = False</msg>
<status status="PASS" starttime="20221104 11:33:55.896" endtime="20221104 11:33:58.027"/>
</kw>
<status status="PASS" starttime="20221104 11:33:55.896" endtime="20221104 11:33:58.027"/>
</kw>
<status status="PASS" starttime="20221104 11:33:53.452" endtime="20221104 11:33:58.027"/>
</test>
<status status="PASS" starttime="20221104 11:33:52.432" endtime="20221104 11:33:58.029"/>
</suite>
<status status="PASS" starttime="20221104 11:33:52.429" endtime="20221104 11:33:58.031"/>
</suite>
<status status="PASS" starttime="20221104 11:33:52.421" endtime="20221104 11:33:58.033"/>
</suite>
<status status="PASS" starttime="20221104 11:33:52.401" endtime="20221104 11:33:58.035"/>
</suite>
<statistics>
<total>
<stat pass="1" fail="0" skip="0">All Tests</stat>
</total>
<tag>
</tag>
<suite>
<stat pass="1" fail="0" skip="0" id="s1" name="React-Website">React-Website</stat>
<stat pass="1" fail="0" skip="0" id="s1-s1" name="Test Automation">React-Website.Test Automation</stat>
<stat pass="1" fail="0" skip="0" id="s1-s1-s1" name="Test cases">React-Website.Test Automation.Test cases</stat>
<stat pass="1" fail="0" skip="0" id="s1-s1-s1-s1" name="TC1">React-Website.Test Automation.Test cases.TC1</stat>
</suite>
</statistics>
<errors>
</errors>
</robot>
